{"C:\\Users\\Juan Pablo\\Documents\\Universidad\\Semestre_VI\\Desarrollo\\Pruebas unitarias\\sum.test.js":{"path":"C:\\Users\\Juan Pablo\\Documents\\Universidad\\Semestre_VI\\Desarrollo\\Pruebas unitarias\\sum.test.js","s":{"1":1,"2":1,"3":1,"4":1,"5":1,"6":0,"7":0,"8":0,"9":0},"b":{},"f":{},"fnMap":{},"statementMap":{"1":{"start":{"line":1,"column":0},"end":{"line":1,"column":37}},"2":{"start":{"line":2,"column":0},"end":{"line":2,"column":43}},"3":{"start":{"line":3,"column":0},"end":{"line":3,"column":41}},"4":{"start":{"line":4,"column":0},"end":{"line":4,"column":29}},"5":{"start":{"line":6,"column":0},"end":{"line":8,"column":3}},"6":{"start":{"line":7,"column":2},"end":{"line":7,"column":28}},"7":{"start":{"line":10,"column":0},"end":{"line":10,"column":38}},"8":{"start":{"line":13,"column":0},"end":{"line":13,"column":42}},"9":{"start":{"line":14,"column":0},"end":{"line":14,"column":42}}},"branchMap":{}},"C:\\Users\\Juan Pablo\\Documents\\Universidad\\Semestre_VI\\Desarrollo\\Pruebas unitarias\\sum.js":{"path":"C:\\Users\\Juan Pablo\\Documents\\Universidad\\Semestre_VI\\Desarrollo\\Pruebas unitarias\\sum.js","s":{"1":1,"2":0,"3":1},"b":{},"f":{"1":0},"fnMap":{"1":{"name":"sum","line":1,"loc":{"start":{"line":1,"column":0},"end":{"line":1,"column":19}}}},"statementMap":{"1":{"start":{"line":1,"column":0},"end":{"line":3,"column":3}},"2":{"start":{"line":2,"column":4},"end":{"line":2,"column":17}},"3":{"start":{"line":5,"column":2},"end":{"line":5,"column":23}}},"branchMap":{}}}